2022-05-28 20:09:41,702 === Traps listening to 192.168.0.10 on port 162
2022-05-28 20:09:41,702 === --------2022-05-28 20:12:23,864 === 192.168.0.10 - - [28/May/2022 20:12:23] "GET /api/monitor/graph HTTP/1.1" 200 -
2022-05-28 20:12:24,139 === 192.168.0.10 - - [28/May/2022 20:12:24] "[33mGET /favicon.ico HTTP/1.1[0m" 404 -
744 === 1.3.6.1.6.3.1.1.4.1.0 = 1.3.6.1.6.3.1.1.5.3
2022-05-28 20:10:34,744 === 1.3.6.1.2.1.2.2.1.1.2 = 2
2022-05-28 20:10:34,745 === 1.3.6.1.2.1.2.2.1.2.2 = FastEthernet1/0
2022-05-28 20:10:34,747 === 1.3.6.1.2.1.2.2.1.3.2 = 6
2022-05-28 20:10:34,750 === 1.3.6.1.4.1.9.2.2.1.1.20.2 = administratively down
2022-05-28 20:10:35,236 === Nuevo mensaje recibido
2022-05-28 20:10:35,236 === 1.3.6.1.2.1.1.3.0 = 753858
2022-05-28 20:10:35,236 === 1.3.6.1.6.3.1.1.4.1.0 = 1.3.6.1.6.3.1.1.5.4
2022-05-28 20:10:35,237 === 1.3.6.1.2.1.2.2.1.1.2 = 2
2022-05-28 20:10:35,237 === 1.3.6.1.2.1.2.2.1.2.2 = FastEthernet1/0
2022-05-28 20:10:35,237 === 1.3.6.1.2.1.2.2.1.3.2 = 6
2022-05-28 20:10:35,238 === 1.3.6.1.4.1.9.2.2.1.1.20.2 = Keepalive OK
2022-05-28 20:11:48,081 === Nuevo mensaje recibido
2022-05-28 20:11:48,082 === 1.3.6.1.2.1.1.3.0 = 757050
2022-05-28 20:11:48,083 === 1.3.6.1.6.3.1.1.4.1.0 = 1.3.6.1.6.3.1.1.5.3
2022-05-28 20:11:48,084 === 1.3.6.1.2.1.2.2.1.1.2 = 2
2022-05-28 20:11:48,085 === 1.3.6.1.2.1.2.2.1.2.2 = FastEthernet1/0
2022-05-28 20:11:48,086 === 1.3.6.1.2.1.2.2.1.3.2 = 6
2022-05-28 20:11:48,087 === 1.3.6.1.4.1.9.2.2.1.1.20.2 = administratively down
2022-05-28 20:11:48,579 === Nuevo mensaje recibido
2022-05-28 20:11:48,579 === 1.3.6.1.2.1.1.3.0 = 762892
2022-05-28 20:11:48,579 === 1.3.6.1.6.3.1.1.4.1.0 = 1.3.6.1.6.3.1.1.5.4
2022-05-28 20:11:48,580 === 1.3.6.1.2.1.2.2.1.1.2 = 2
2022-05-28 20:11:48,580 === 1.3.6.1.2.1.2.2.1.2.2 = FastEthernet1/0
2022-05-28 20:11:48,580 === 1.3.6.1.2.1.2.2.1.3.2 = 6
2022-05-28 20:11:48,580 === 1.3.6.1.4.1.9.2.2.1.1.20.2 = Keepalive OK
